<?xml version="1.0" encoding="UTF-8"?>
<testsuite xmlns:xsi="http://www.w3.org/2001/XMLSchema-instance" xsi:noNamespaceSchemaLocation="https://maven.apache.org/surefire/maven-surefire-plugin/xsd/surefire-test-report-3.0.xsd" version="3.0" name="de.nebulit.todo.ModuleTest" time="0.876" tests="1" errors="1" skipped="0" failures="0">
  <properties>
[...]
</properties>
  <testcase name="verifyModules" classname="de.nebulit.todo.ModuleTest" time="0.864">
    <error message="- Cycle detected: Slice domain -&gt; &#10;                Slice slices -&gt; &#10;                Slice domain&#10;  1. Dependencies of Slice domain&#10;    - Method &lt;de.nebulit.todo.domain.TodoAggregate.handle(de.nebulit.todo.slices.addtodo.AddTodoCommand)&gt; has parameter of type &lt;de.nebulit.todo.slices.addtodo.AddTodoCommand&gt; in (TodoAggregate.kt:0)&#10;    - Method &lt;de.nebulit.todo.domain.TodoAggregate.handle(de.nebulit.todo.slices.resolvetodo.CloseTodoCommand)&gt; has parameter of type &lt;de.nebulit.todo.slices.resolvetodo.CloseTodoCommand&gt; in (TodoAggregate.kt:0)&#10;  2. Dependencies of Slice slices&#10;    - Class &lt;de.nebulit.todo.slices.addtodo.AddTodoCommandCommandHandler&gt; has generic superclass &lt;de.nebulit.todo.common.BaseCommandHandler&lt;de.nebulit.todo.domain.TodoAggregate&gt;&gt; with type argument depending on &lt;de.nebulit.todo.domain.TodoAggregate&gt; in (AddTodoCommandHandler.kt:0)&#10;    - Class &lt;de.nebulit.todo.slices.resolvetodo.CloseTodoCommandCommandHandler&gt; has generic superclass &lt;de.nebulit.todo.common.BaseCommandHandler&lt;de.nebulit.todo.domain.TodoAggregate&gt;&gt; with type argument depending on &lt;de.nebulit.todo.domain.TodoAggregate&gt; in (CloseTodoCommandHandler.kt:0)&#10;    - Constructor &lt;de.nebulit.todo.slices.addtodo.AddTodoCommandCommandHandler.&lt;init&gt;(de.nebulit.todo.common.AggregateService)&gt; has generic parameter type &lt;de.nebulit.todo.common.AggregateService&lt;de.nebulit.todo.domain.TodoAggregate&gt;&gt; with type argument depending on &lt;de.nebulit.todo.domain.TodoAggregate&gt; in (AddTodoCommandHandler.kt:0)&#10;    - Constructor &lt;de.nebulit.todo.slices.resolvetodo.CloseTodoCommandCommandHandler.&lt;init&gt;(de.nebulit.todo.common.AggregateService)&gt; has generic parameter type &lt;de.nebulit.todo.common.AggregateService&lt;de.nebulit.todo.domain.TodoAggregate&gt;&gt; with type argument depending on &lt;de.nebulit.todo.domain.TodoAggregate&gt; in (CloseTodoCommandHandler.kt:0)&#10;    - Field &lt;de.nebulit.todo.slices.addtodo.AddTodoCommandCommandHandler.aggregateService&gt; has generic type &lt;de.nebulit.todo.common.AggregateService&lt;de.nebulit.todo.domain.TodoAggregate&gt;&gt; with type argument depending on &lt;de.nebulit.todo.domain.TodoAggregate&gt; in (AddTodoCommandHandler.kt:0)&#10;    - Field &lt;de.nebulit.todo.slices.resolvetodo.CloseTodoCommandCommandHandler.aggregateService&gt; has generic type &lt;de.nebulit.todo.common.AggregateService&lt;de.nebulit.todo.domain.TodoAggregate&gt;&gt; with type argument depending on &lt;de.nebulit.todo.domain.TodoAggregate&gt; in (CloseTodoCommandHandler.kt:0)&#10;    - Method &lt;de.nebulit.todo.slices.addtodo.AddTodoCommandCommandHandler.handle(de.nebulit.todo.common.Command)&gt; calls method &lt;de.nebulit.todo.domain.TodoAggregate.handle(de.nebulit.todo.slices.addtodo.AddTodoCommand)&gt; in (AddTodoCommandHandler.kt:17)&#10;    - Method &lt;de.nebulit.todo.slices.resolvetodo.CloseTodoCommandCommandHandler.handle(de.nebulit.todo.common.Command)&gt; calls method &lt;de.nebulit.todo.domain.TodoAggregate.handle(de.nebulit.todo.slices.resolvetodo.CloseTodoCommand)&gt; in (CloseTodoCommandHandler.kt:17)&#10;    - Method &lt;de.nebulit.todo.slices.addtodo.AddTodoCommandCommandHandler.handle(de.nebulit.todo.common.Command)&gt; calls method &lt;de.nebulit.todo.domain.TodoAggregate.getEvents()&gt; in (AddTodoCommandHandler.kt:19)&#10;    - Method &lt;de.nebulit.todo.slices.resolvetodo.CloseTodoCommandCommandHandler.handle(de.nebulit.todo.common.Command)&gt; calls method &lt;de.nebulit.todo.domain.TodoAggregate.getEvents()&gt; in (CloseTodoCommandHandler.kt:19)&#10;- Module &apos;domain&apos; depends on non-exposed type de.nebulit.todo.slices.addtodo.AddTodoCommand within module &apos;slices&apos;!&#10;AddTodoCommand declares parameter AddTodoCommand.handle(AddTodoCommand) in (TodoAggregate.kt:0)&#10;- Module &apos;domain&apos; depends on non-exposed type de.nebulit.todo.slices.resolvetodo.CloseTodoCommand within module &apos;slices&apos;!&#10;CloseTodoCommand declares parameter CloseTodoCommand.handle(CloseTodoCommand) in (TodoAggregate.kt:0)&#10;- Module &apos;domain&apos; depends on non-exposed type de.nebulit.todo.slices.addtodo.AddTodoCommand within module &apos;slices&apos;!&#10;Method &lt;de.nebulit.todo.domain.TodoAggregate.handle(de.nebulit.todo.slices.addtodo.AddTodoCommand)&gt; has parameter of type &lt;de.nebulit.todo.slices.addtodo.AddTodoCommand&gt; in (TodoAggregate.kt:0)&#10;- Module &apos;domain&apos; depends on non-exposed type de.nebulit.todo.slices.resolvetodo.CloseTodoCommand within module &apos;slices&apos;!&#10;Method &lt;de.nebulit.todo.domain.TodoAggregate.handle(de.nebulit.todo.slices.resolvetodo.CloseTodoCommand)&gt; has parameter of type &lt;de.nebulit.todo.slices.resolvetodo.CloseTodoCommand&gt; in (TodoAggregate.kt:0)" type="org.springframework.modulith.core.Violations"><![CDATA[org.springframework.modulith.core.Violations: 
- Cycle detected: Slice domain -> 
                Slice slices -> 
                Slice domain
  1. Dependencies of Slice domain
    - Method <de.nebulit.todo.domain.TodoAggregate.handle(de.nebulit.todo.slices.addtodo.AddTodoCommand)> has parameter of type <de.nebulit.todo.slices.addtodo.AddTodoCommand> in (TodoAggregate.kt:0)
    - Method <de.nebulit.todo.domain.TodoAggregate.handle(de.nebulit.todo.slices.resolvetodo.CloseTodoCommand)> has parameter of type <de.nebulit.todo.slices.resolvetodo.CloseTodoCommand> in (TodoAggregate.kt:0)
  2. Dependencies of Slice slices
    - Class <de.nebulit.todo.slices.addtodo.AddTodoCommandCommandHandler> has generic superclass <de.nebulit.todo.common.BaseCommandHandler<de.nebulit.todo.domain.TodoAggregate>> with type argument depending on <de.nebulit.todo.domain.TodoAggregate> in (AddTodoCommandHandler.kt:0)
    - Class <de.nebulit.todo.slices.resolvetodo.CloseTodoCommandCommandHandler> has generic superclass <de.nebulit.todo.common.BaseCommandHandler<de.nebulit.todo.domain.TodoAggregate>> with type argument depending on <de.nebulit.todo.domain.TodoAggregate> in (CloseTodoCommandHandler.kt:0)
    - Constructor <de.nebulit.todo.slices.addtodo.AddTodoCommandCommandHandler.<init>(de.nebulit.todo.common.AggregateService)> has generic parameter type <de.nebulit.todo.common.AggregateService<de.nebulit.todo.domain.TodoAggregate>> with type argument depending on <de.nebulit.todo.domain.TodoAggregate> in (AddTodoCommandHandler.kt:0)
    - Constructor <de.nebulit.todo.slices.resolvetodo.CloseTodoCommandCommandHandler.<init>(de.nebulit.todo.common.AggregateService)> has generic parameter type <de.nebulit.todo.common.AggregateService<de.nebulit.todo.domain.TodoAggregate>> with type argument depending on <de.nebulit.todo.domain.TodoAggregate> in (CloseTodoCommandHandler.kt:0)
    - Field <de.nebulit.todo.slices.addtodo.AddTodoCommandCommandHandler.aggregateService> has generic type <de.nebulit.todo.common.AggregateService<de.nebulit.todo.domain.TodoAggregate>> with type argument depending on <de.nebulit.todo.domain.TodoAggregate> in (AddTodoCommandHandler.kt:0)
    - Field <de.nebulit.todo.slices.resolvetodo.CloseTodoCommandCommandHandler.aggregateService> has generic type <de.nebulit.todo.common.AggregateService<de.nebulit.todo.domain.TodoAggregate>> with type argument depending on <de.nebulit.todo.domain.TodoAggregate> in (CloseTodoCommandHandler.kt:0)
    - Method <de.nebulit.todo.slices.addtodo.AddTodoCommandCommandHandler.handle(de.nebulit.todo.common.Command)> calls method <de.nebulit.todo.domain.TodoAggregate.handle(de.nebulit.todo.slices.addtodo.AddTodoCommand)> in (AddTodoCommandHandler.kt:17)
    - Method <de.nebulit.todo.slices.resolvetodo.CloseTodoCommandCommandHandler.handle(de.nebulit.todo.common.Command)> calls method <de.nebulit.todo.domain.TodoAggregate.handle(de.nebulit.todo.slices.resolvetodo.CloseTodoCommand)> in (CloseTodoCommandHandler.kt:17)
    - Method <de.nebulit.todo.slices.addtodo.AddTodoCommandCommandHandler.handle(de.nebulit.todo.common.Command)> calls method <de.nebulit.todo.domain.TodoAggregate.getEvents()> in (AddTodoCommandHandler.kt:19)
    - Method <de.nebulit.todo.slices.resolvetodo.CloseTodoCommandCommandHandler.handle(de.nebulit.todo.common.Command)> calls method <de.nebulit.todo.domain.TodoAggregate.getEvents()> in (CloseTodoCommandHandler.kt:19)
- Module 'domain' depends on non-exposed type de.nebulit.todo.slices.addtodo.AddTodoCommand within module 'slices'!
AddTodoCommand declares parameter AddTodoCommand.handle(AddTodoCommand) in (TodoAggregate.kt:0)
- Module 'domain' depends on non-exposed type de.nebulit.todo.slices.resolvetodo.CloseTodoCommand within module 'slices'!
CloseTodoCommand declares parameter CloseTodoCommand.handle(CloseTodoCommand) in (TodoAggregate.kt:0)
- Module 'domain' depends on non-exposed type de.nebulit.todo.slices.addtodo.AddTodoCommand within module 'slices'!
Method <de.nebulit.todo.domain.TodoAggregate.handle(de.nebulit.todo.slices.addtodo.AddTodoCommand)> has parameter of type <de.nebulit.todo.slices.addtodo.AddTodoCommand> in (TodoAggregate.kt:0)
- Module 'domain' depends on non-exposed type de.nebulit.todo.slices.resolvetodo.CloseTodoCommand within module 'slices'!
Method <de.nebulit.todo.domain.TodoAggregate.handle(de.nebulit.todo.slices.resolvetodo.CloseTodoCommand)> has parameter of type <de.nebulit.todo.slices.resolvetodo.CloseTodoCommand> in (TodoAggregate.kt:0)
	at org.springframework.modulith.core.Violations.and(Violations.java:128)
	at java.base/java.util.stream.ReduceOps$1ReducingSink.accept(ReduceOps.java:80)
	at java.base/java.util.stream.ReferencePipeline$3$1.accept(ReferencePipeline.java:197)
	at java.base/java.util.HashMap$ValueSpliterator.forEachRemaining(HashMap.java:1787)
	at java.base/java.util.stream.Streams$ConcatSpliterator.forEachRemaining(Streams.java:735)
	at java.base/java.util.stream.AbstractPipeline.copyInto(AbstractPipeline.java:509)
	at java.base/java.util.stream.AbstractPipeline.wrapAndCopyInto(AbstractPipeline.java:499)
	at java.base/java.util.stream.ReduceOps$ReduceOp.evaluateSequential(ReduceOps.java:921)
	at java.base/java.util.stream.AbstractPipeline.evaluate(AbstractPipeline.java:234)
	at java.base/java.util.stream.ReferencePipeline.reduce(ReferencePipeline.java:657)
	at org.springframework.modulith.core.ApplicationModules.detectViolations(ApplicationModules.java:404)
	at org.springframework.modulith.core.ApplicationModules.verify(ApplicationModules.java:369)
	at de.nebulit.todo.ModuleTest.verifyModules(ModuleTest.kt:13)
	at java.base/java.lang.reflect.Method.invoke(Method.java:578)
	at java.base/java.util.ArrayList.forEach(ArrayList.java:1511)
	at java.base/java.util.ArrayList.forEach(ArrayList.java:1511)
]]></error>
    <system-out><![CDATA[07:59:18.076 [main] INFO com.tngtech.archunit.core.PluginLoader -- Detected Java version 19.0.2
]]></system-out>
  </testcase>
</testsuite>